2020-10-09 20:08:49,362 [main] INFO  c.g.e.m.h.c.ui.Html5AppCoreUIPlugin - Pluging started
2020-10-09 20:08:52,708 [Worker-1] INFO  o.e.m.c.i.i.nexus.NexusIndexManager - Updating index for repository: central|http://repo.maven.apache.org/maven2
2020-10-09 20:08:52,765 [Worker-1] INFO  c.n.h.c.p.n.NettyAsyncHttpProvider - Number of application's worked threads is 16
2020-10-09 20:08:53,526 [Worker-1] ERROR o.e.m.c.i.i.nexus.NexusIndexManager - Unable to update index for central|http://repo.maven.apache.org/maven2
java.io.IOException: Server returned status code 501: HTTPS Required
	at org.eclipse.m2e.core.internal.index.nexus.AsyncFetcher$PipedErrorInputStream.checkError(AsyncFetcher.java:251) ~[org.eclipse.m2e.core_1.4.0.me201310171809.jar:na]
	at org.eclipse.m2e.core.internal.index.nexus.AsyncFetcher$PipedErrorInputStream.read(AsyncFetcher.java:259) ~[org.eclipse.m2e.core_1.4.0.me201310171809.jar:na]
	at java.io.PipedInputStream.read(PipedInputStream.java:378) ~[na:1.7.0_45]
	at java.io.InputStream.read(InputStream.java:101) ~[na:1.7.0_45]
	at java.util.Properties$LineReader.readLine(Properties.java:434) ~[na:1.7.0_45]
	at java.util.Properties.load0(Properties.java:353) ~[na:1.7.0_45]
	at java.util.Properties.load(Properties.java:341) ~[na:1.7.0_45]
	at org.apache.maven.index.updater.DefaultIndexUpdater.downloadIndexProperties(DefaultIndexUpdater.java:457) ~[indexer-core-3.1.0.jar:3.1.0]
	at org.apache.maven.index.updater.DefaultIndexUpdater.access$100(DefaultIndexUpdater.java:75) ~[indexer-core-3.1.0.jar:3.1.0]
	at org.apache.maven.index.updater.DefaultIndexUpdater$IndexAdaptor.setProperties(DefaultIndexUpdater.java:607) ~[indexer-core-3.1.0.jar:3.1.0]
	at org.apache.maven.index.updater.DefaultIndexUpdater.fetchAndUpdateIndex(DefaultIndexUpdater.java:788) ~[indexer-core-3.1.0.jar:3.1.0]
	at org.apache.maven.index.updater.DefaultIndexUpdater.fetchAndUpdateIndex(DefaultIndexUpdater.java:135) ~[indexer-core-3.1.0.jar:3.1.0]
	at org.eclipse.m2e.core.internal.index.nexus.NexusIndexManager.updateRemoteIndex(NexusIndexManager.java:1237) [org.eclipse.m2e.core_1.4.0.me201310171809.jar:na]
	at org.eclipse.m2e.core.internal.index.nexus.NexusIndexManager.updateIndex(NexusIndexManager.java:1192) [org.eclipse.m2e.core_1.4.0.me201310171809.jar:na]
	at org.eclipse.m2e.core.internal.index.nexus.NexusIndexManager$1.run(NexusIndexManager.java:707) [org.eclipse.m2e.core_1.4.0.me201310171809.jar:na]
	at org.eclipse.m2e.core.internal.index.nexus.IndexUpdaterJob.run(IndexUpdaterJob.java:72) [org.eclipse.m2e.core_1.4.0.me201310171809.jar:na]
	at org.eclipse.core.internal.jobs.Worker.run(Worker.java:53) [org.eclipse.core.jobs_3.5.300.v20130429-1813.jar:na]
java.io.IOException: Server returned status code 501: HTTPS Required
	at org.eclipse.m2e.core.internal.index.nexus.AsyncFetcher$MonitorListener.onStatus(AsyncFetcher.java:281) ~[na:na]
	at com.ning.http.client.SimpleAsyncHttpClient$BodyConsumerAsyncHandler.fireStatus(SimpleAsyncHttpClient.java:828) ~[na:na]
	at com.ning.http.client.SimpleAsyncHttpClient$BodyConsumerAsyncHandler.onStatusReceived(SimpleAsyncHttpClient.java:779) ~[na:na]
	at com.ning.http.client.providers.netty.NettyAsyncHttpProvider.updateStatusAndInterrupt(NettyAsyncHttpProvider.java:1587) ~[na:na]
	at com.ning.http.client.providers.netty.NettyAsyncHttpProvider.messageReceived(NettyAsyncHttpProvider.java:1242) ~[na:na]
	at org.jboss.netty.channel.SimpleChannelUpstreamHandler.handleUpstream(SimpleChannelUpstreamHandler.java:80) ~[na:na]
	at org.jboss.netty.channel.DefaultChannelPipeline.sendUpstream(DefaultChannelPipeline.java:564) ~[na:na]
	at org.jboss.netty.channel.DefaultChannelPipeline$DefaultChannelHandlerContext.sendUpstream(DefaultChannelPipeline.java:783) ~[na:na]
	at org.jboss.netty.handler.stream.ChunkedWriteHandler.handleUpstream(ChunkedWriteHandler.java:149) ~[na:na]
	at org.jboss.netty.channel.DefaultChannelPipeline.sendUpstream(DefaultChannelPipeline.java:564) ~[na:na]
	at org.jboss.netty.channel.DefaultChannelPipeline$DefaultChannelHandlerContext.sendUpstream(DefaultChannelPipeline.java:783) ~[na:na]
	at org.jboss.netty.handler.codec.http.HttpContentDecoder.messageReceived(HttpContentDecoder.java:104) ~[na:na]
	at org.jboss.netty.channel.SimpleChannelUpstreamHandler.handleUpstream(SimpleChannelUpstreamHandler.java:80) ~[na:na]
	at org.jboss.netty.channel.DefaultChannelPipeline.sendUpstream(DefaultChannelPipeline.java:564) ~[na:na]
	at org.jboss.netty.channel.DefaultChannelPipeline$DefaultChannelHandlerContext.sendUpstream(DefaultChannelPipeline.java:783) ~[na:na]
	at org.jboss.netty.channel.Channels.fireMessageReceived(Channels.java:302) ~[na:na]
	at org.jboss.netty.handler.codec.replay.ReplayingDecoder.unfoldAndFireMessageReceived(ReplayingDecoder.java:522) ~[na:na]
	at org.jboss.netty.handler.codec.replay.ReplayingDecoder.callDecode(ReplayingDecoder.java:506) ~[na:na]
	at org.jboss.netty.handler.codec.replay.ReplayingDecoder.messageReceived(ReplayingDecoder.java:443) ~[na:na]
	at org.jboss.netty.channel.SimpleChannelUpstreamHandler.handleUpstream(SimpleChannelUpstreamHandler.java:80) ~[na:na]
	at org.jboss.netty.handler.codec.http.HttpClientCodec.handleUpstream(HttpClientCodec.java:77) ~[na:na]
	at org.jboss.netty.channel.DefaultChannelPipeline.sendUpstream(DefaultChannelPipeline.java:564) ~[na:na]
	at org.jboss.netty.channel.DefaultChannelPipeline.sendUpstream(DefaultChannelPipeline.java:559) ~[na:na]
	at org.jboss.netty.channel.Channels.fireMessageReceived(Channels.java:274) ~[na:na]
	at org.jboss.netty.channel.Channels.fireMessageReceived(Channels.java:261) ~[na:na]
	at org.jboss.netty.channel.socket.nio.NioWorker.read(NioWorker.java:349) ~[na:na]
	at org.jboss.netty.channel.socket.nio.NioWorker.processSelectedKeys(NioWorker.java:280) ~[na:na]
	at org.jboss.netty.channel.socket.nio.NioWorker.run(NioWorker.java:200) ~[na:na]
	at org.jboss.netty.util.ThreadRenamingRunnable.run(ThreadRenamingRunnable.java:108) ~[na:na]
	at org.jboss.netty.util.internal.DeadLockProofWorker$1.run(DeadLockProofWorker.java:44) ~[na:na]
	at java.util.concurrent.ThreadPoolExecutor.runWorker(ThreadPoolExecutor.java:1145) ~[na:1.7.0_45]
	at java.util.concurrent.ThreadPoolExecutor$Worker.run(ThreadPoolExecutor.java:615) ~[na:1.7.0_45]
	at java.lang.Thread.run(Thread.java:744) ~[na:1.7.0_45]
2020-10-09 20:08:56,833 [Worker-1] WARN  o.e.m.c.i.embedder.EclipseLogger - Failed to retrieve plugin descriptor for org.apache.maven.plugins:maven-clean-plugin:2.4.1: Plugin org.apache.maven.plugins:maven-clean-plugin:2.4.1 or one of its dependencies could not be resolved: Failed to read artifact descriptor for org.apache.maven.plugins:maven-clean-plugin:jar:2.4.1
2020-10-09 20:08:56,844 [Worker-1] WARN  o.e.m.c.i.embedder.EclipseLogger - Failed to retrieve plugin descriptor for org.apache.maven.plugins:maven-install-plugin:2.3.1: Plugin org.apache.maven.plugins:maven-install-plugin:2.3.1 or one of its dependencies could not be resolved: Failed to read artifact descriptor for org.apache.maven.plugins:maven-install-plugin:jar:2.3.1
2020-10-09 20:08:56,855 [Worker-1] WARN  o.e.m.c.i.embedder.EclipseLogger - Failed to retrieve plugin descriptor for org.apache.maven.plugins:maven-deploy-plugin:2.7: Plugin org.apache.maven.plugins:maven-deploy-plugin:2.7 or one of its dependencies could not be resolved: Failed to read artifact descriptor for org.apache.maven.plugins:maven-deploy-plugin:jar:2.7
2020-10-09 20:08:56,875 [Worker-1] WARN  o.e.m.c.i.embedder.EclipseLogger - Failed to retrieve plugin descriptor for org.apache.maven.plugins:maven-site-plugin:3.0: Plugin org.apache.maven.plugins:maven-site-plugin:3.0 or one of its dependencies could not be resolved: Failed to read artifact descriptor for org.apache.maven.plugins:maven-site-plugin:jar:3.0
2020-10-09 20:08:56,887 [Worker-1] WARN  o.e.m.c.i.embedder.EclipseLogger - Failed to retrieve plugin descriptor for org.apache.maven.plugins:maven-antrun-plugin:1.3: Plugin org.apache.maven.plugins:maven-antrun-plugin:1.3 or one of its dependencies could not be resolved: Failed to read artifact descriptor for org.apache.maven.plugins:maven-antrun-plugin:jar:1.3
2020-10-09 20:08:56,897 [Worker-1] WARN  o.e.m.c.i.embedder.EclipseLogger - Failed to retrieve plugin descriptor for org.apache.maven.plugins:maven-assembly-plugin:2.2-beta-5: Plugin org.apache.maven.plugins:maven-assembly-plugin:2.2-beta-5 or one of its dependencies could not be resolved: Failed to read artifact descriptor for org.apache.maven.plugins:maven-assembly-plugin:jar:2.2-beta-5
2020-10-09 20:08:56,911 [Worker-1] WARN  o.e.m.c.i.embedder.EclipseLogger - Failed to retrieve plugin descriptor for org.apache.maven.plugins:maven-dependency-plugin:2.1: Plugin org.apache.maven.plugins:maven-dependency-plugin:2.1 or one of its dependencies could not be resolved: Failed to read artifact descriptor for org.apache.maven.plugins:maven-dependency-plugin:jar:2.1
2020-10-09 20:08:56,923 [Worker-1] WARN  o.e.m.c.i.embedder.EclipseLogger - Failed to retrieve plugin descriptor for org.apache.maven.plugins:maven-release-plugin:2.0: Plugin org.apache.maven.plugins:maven-release-plugin:2.0 or one of its dependencies could not be resolved: Failed to read artifact descriptor for org.apache.maven.plugins:maven-release-plugin:jar:2.0
2020-10-09 20:08:56,935 [Worker-1] WARN  o.e.m.c.i.embedder.EclipseLogger - Failure to transfer org.apache.maven.plugins/maven-metadata.xml from http://repo.maven.apache.org/maven2 was cached in the local repository, resolution will not be reattempted until the update interval of central has elapsed or updates are forced. Original error: Could not transfer metadata org.apache.maven.plugins/maven-metadata.xml from/to central (http://repo.maven.apache.org/maven2): Failed to transfer http://repo.maven.apache.org/maven2/org/apache/maven/plugins/maven-metadata.xml. Error code 501, HTTPS Required
2020-10-09 20:08:56,945 [Worker-1] WARN  o.e.m.c.i.embedder.EclipseLogger - Failure to transfer org.codehaus.mojo/maven-metadata.xml from http://repo.maven.apache.org/maven2 was cached in the local repository, resolution will not be reattempted until the update interval of central has elapsed or updates are forced. Original error: Could not transfer metadata org.codehaus.mojo/maven-metadata.xml from/to central (http://repo.maven.apache.org/maven2): Failed to transfer http://repo.maven.apache.org/maven2/org/codehaus/mojo/maven-metadata.xml. Error code 501, HTTPS Required
2020-10-09 20:08:56,962 [pool-3-thread-2] INFO  c.n.h.c.p.n.NettyAsyncHttpProvider - Number of application's worked threads is 16
2020-10-09 20:08:56,962 [pool-3-thread-1] INFO  c.n.h.c.p.n.NettyAsyncHttpProvider - Number of application's worked threads is 16
2020-10-09 20:08:57,666 [New I/O client worker #3-1] INFO  o.e.m.c.i.e.AbstractTransferListenerAdapter - Downloaded http://repo.maven.apache.org/maven2/org/apache/maven/plugins/maven-metadata.xml
2020-10-09 20:08:57,666 [New I/O client worker #2-1] INFO  o.e.m.c.i.e.AbstractTransferListenerAdapter - Downloaded http://repo.maven.apache.org/maven2/org/codehaus/mojo/maven-metadata.xml
2020-10-09 20:08:57,674 [Worker-1] WARN  o.e.m.c.i.embedder.EclipseLogger - Could not transfer metadata org.apache.maven.plugins/maven-metadata.xml from/to central (http://repo.maven.apache.org/maven2): Failed to transfer http://repo.maven.apache.org/maven2/org/apache/maven/plugins/maven-metadata.xml. Error code 501, HTTPS Required
2020-10-09 20:08:57,675 [Worker-1] WARN  o.e.m.c.i.embedder.EclipseLogger - Could not transfer metadata org.codehaus.mojo/maven-metadata.xml from/to central (http://repo.maven.apache.org/maven2): Failed to transfer http://repo.maven.apache.org/maven2/org/codehaus/mojo/maven-metadata.xml. Error code 501, HTTPS Required
2020-10-09 20:08:57,704 [Worker-1] WARN  o.e.m.c.i.embedder.EclipseLogger - Failed to retrieve plugin descriptor for org.apache.maven.plugins:maven-clean-plugin:2.4.1: Plugin org.apache.maven.plugins:maven-clean-plugin:2.4.1 or one of its dependencies could not be resolved: Failed to read artifact descriptor for org.apache.maven.plugins:maven-clean-plugin:jar:2.4.1
2020-10-09 20:08:57,707 [Worker-1] WARN  o.e.m.c.i.embedder.EclipseLogger - Failed to retrieve plugin descriptor for org.apache.maven.plugins:maven-install-plugin:2.3.1: Plugin org.apache.maven.plugins:maven-install-plugin:2.3.1 or one of its dependencies could not be resolved: Failed to read artifact descriptor for org.apache.maven.plugins:maven-install-plugin:jar:2.3.1
2020-10-09 20:08:57,710 [Worker-1] WARN  o.e.m.c.i.embedder.EclipseLogger - Failed to retrieve plugin descriptor for org.apache.maven.plugins:maven-deploy-plugin:2.7: Plugin org.apache.maven.plugins:maven-deploy-plugin:2.7 or one of its dependencies could not be resolved: Failed to read artifact descriptor for org.apache.maven.plugins:maven-deploy-plugin:jar:2.7
2020-10-09 20:08:57,715 [Worker-1] WARN  o.e.m.c.i.embedder.EclipseLogger - Failed to retrieve plugin descriptor for org.apache.maven.plugins:maven-site-plugin:3.0: Plugin org.apache.maven.plugins:maven-site-plugin:3.0 or one of its dependencies could not be resolved: Failed to read artifact descriptor for org.apache.maven.plugins:maven-site-plugin:jar:3.0
2020-10-09 20:08:57,719 [Worker-1] WARN  o.e.m.c.i.embedder.EclipseLogger - Failed to retrieve plugin descriptor for org.apache.maven.plugins:maven-antrun-plugin:1.3: Plugin org.apache.maven.plugins:maven-antrun-plugin:1.3 or one of its dependencies could not be resolved: Failed to read artifact descriptor for org.apache.maven.plugins:maven-antrun-plugin:jar:1.3
2020-10-09 20:08:57,722 [Worker-1] WARN  o.e.m.c.i.embedder.EclipseLogger - Failed to retrieve plugin descriptor for org.apache.maven.plugins:maven-assembly-plugin:2.2-beta-5: Plugin org.apache.maven.plugins:maven-assembly-plugin:2.2-beta-5 or one of its dependencies could not be resolved: Failed to read artifact descriptor for org.apache.maven.plugins:maven-assembly-plugin:jar:2.2-beta-5
2020-10-09 20:08:57,725 [Worker-1] WARN  o.e.m.c.i.embedder.EclipseLogger - Failed to retrieve plugin descriptor for org.apache.maven.plugins:maven-dependency-plugin:2.1: Plugin org.apache.maven.plugins:maven-dependency-plugin:2.1 or one of its dependencies could not be resolved: Failed to read artifact descriptor for org.apache.maven.plugins:maven-dependency-plugin:jar:2.1
2020-10-09 20:08:57,728 [Worker-1] WARN  o.e.m.c.i.embedder.EclipseLogger - Failed to retrieve plugin descriptor for org.apache.maven.plugins:maven-release-plugin:2.0: Plugin org.apache.maven.plugins:maven-release-plugin:2.0 or one of its dependencies could not be resolved: Failed to read artifact descriptor for org.apache.maven.plugins:maven-release-plugin:jar:2.0
2020-10-09 20:08:57,735 [Worker-1] WARN  o.e.m.c.i.embedder.EclipseLogger - Failure to transfer org.apache.maven.plugins/maven-metadata.xml from http://repo.maven.apache.org/maven2 was cached in the local repository, resolution will not be reattempted until the update interval of central has elapsed or updates are forced. Original error: Could not transfer metadata org.apache.maven.plugins/maven-metadata.xml from/to central (http://repo.maven.apache.org/maven2): Failed to transfer http://repo.maven.apache.org/maven2/org/apache/maven/plugins/maven-metadata.xml. Error code 501, HTTPS Required
2020-10-09 20:08:57,743 [Worker-1] WARN  o.e.m.c.i.embedder.EclipseLogger - Failure to transfer org.codehaus.mojo/maven-metadata.xml from http://repo.maven.apache.org/maven2 was cached in the local repository, resolution will not be reattempted until the update interval of central has elapsed or updates are forced. Original error: Could not transfer metadata org.codehaus.mojo/maven-metadata.xml from/to central (http://repo.maven.apache.org/maven2): Failed to transfer http://repo.maven.apache.org/maven2/org/codehaus/mojo/maven-metadata.xml. Error code 501, HTTPS Required
2020-10-09 20:08:57,747 [pool-6-thread-1] INFO  c.n.h.c.p.n.NettyAsyncHttpProvider - Number of application's worked threads is 16
2020-10-09 20:08:57,747 [pool-6-thread-2] INFO  c.n.h.c.p.n.NettyAsyncHttpProvider - Number of application's worked threads is 16
2020-10-09 20:08:58,300 [New I/O client worker #5-1] INFO  o.e.m.c.i.e.AbstractTransferListenerAdapter - Downloaded http://repo.maven.apache.org/maven2/org/codehaus/mojo/maven-metadata.xml
2020-10-09 20:08:58,301 [New I/O client worker #4-1] INFO  o.e.m.c.i.e.AbstractTransferListenerAdapter - Downloaded http://repo.maven.apache.org/maven2/org/apache/maven/plugins/maven-metadata.xml
2020-10-09 20:08:58,307 [Worker-1] WARN  o.e.m.c.i.embedder.EclipseLogger - Could not transfer metadata org.apache.maven.plugins/maven-metadata.xml from/to central (http://repo.maven.apache.org/maven2): Failed to transfer http://repo.maven.apache.org/maven2/org/apache/maven/plugins/maven-metadata.xml. Error code 501, HTTPS Required
2020-10-09 20:08:58,308 [Worker-1] WARN  o.e.m.c.i.embedder.EclipseLogger - Could not transfer metadata org.codehaus.mojo/maven-metadata.xml from/to central (http://repo.maven.apache.org/maven2): Failed to transfer http://repo.maven.apache.org/maven2/org/codehaus/mojo/maven-metadata.xml. Error code 501, HTTPS Required
2020-10-09 20:08:58,339 [Worker-1] WARN  o.e.m.c.i.embedder.EclipseLogger - Failed to retrieve plugin descriptor for org.apache.maven.plugins:maven-clean-plugin:2.4.1: Plugin org.apache.maven.plugins:maven-clean-plugin:2.4.1 or one of its dependencies could not be resolved: Failed to read artifact descriptor for org.apache.maven.plugins:maven-clean-plugin:jar:2.4.1
2020-10-09 20:08:58,342 [Worker-1] WARN  o.e.m.c.i.embedder.EclipseLogger - Failed to retrieve plugin descriptor for org.apache.maven.plugins:maven-install-plugin:2.3.1: Plugin org.apache.maven.plugins:maven-install-plugin:2.3.1 or one of its dependencies could not be resolved: Failed to read artifact descriptor for org.apache.maven.plugins:maven-install-plugin:jar:2.3.1
2020-10-09 20:08:58,346 [Worker-1] WARN  o.e.m.c.i.embedder.EclipseLogger - Failed to retrieve plugin descriptor for org.apache.maven.plugins:maven-deploy-plugin:2.7: Plugin org.apache.maven.plugins:maven-deploy-plugin:2.7 or one of its dependencies could not be resolved: Failed to read artifact descriptor for org.apache.maven.plugins:maven-deploy-plugin:jar:2.7
2020-10-09 20:08:58,351 [Worker-1] WARN  o.e.m.c.i.embedder.EclipseLogger - Failed to retrieve plugin descriptor for org.apache.maven.plugins:maven-site-plugin:3.0: Plugin org.apache.maven.plugins:maven-site-plugin:3.0 or one of its dependencies could not be resolved: Failed to read artifact descriptor for org.apache.maven.plugins:maven-site-plugin:jar:3.0
2020-10-09 20:08:58,355 [Worker-1] WARN  o.e.m.c.i.embedder.EclipseLogger - Failed to retrieve plugin descriptor for org.apache.maven.plugins:maven-antrun-plugin:1.3: Plugin org.apache.maven.plugins:maven-antrun-plugin:1.3 or one of its dependencies could not be resolved: Failed to read artifact descriptor for org.apache.maven.plugins:maven-antrun-plugin:jar:1.3
2020-10-09 20:08:58,359 [Worker-1] WARN  o.e.m.c.i.embedder.EclipseLogger - Failed to retrieve plugin descriptor for org.apache.maven.plugins:maven-assembly-plugin:2.2-beta-5: Plugin org.apache.maven.plugins:maven-assembly-plugin:2.2-beta-5 or one of its dependencies could not be resolved: Failed to read artifact descriptor for org.apache.maven.plugins:maven-assembly-plugin:jar:2.2-beta-5
2020-10-09 20:08:58,362 [Worker-1] WARN  o.e.m.c.i.embedder.EclipseLogger - Failed to retrieve plugin descriptor for org.apache.maven.plugins:maven-dependency-plugin:2.1: Plugin org.apache.maven.plugins:maven-dependency-plugin:2.1 or one of its dependencies could not be resolved: Failed to read artifact descriptor for org.apache.maven.plugins:maven-dependency-plugin:jar:2.1
2020-10-09 20:08:58,366 [Worker-1] WARN  o.e.m.c.i.embedder.EclipseLogger - Failed to retrieve plugin descriptor for org.apache.maven.plugins:maven-release-plugin:2.0: Plugin org.apache.maven.plugins:maven-release-plugin:2.0 or one of its dependencies could not be resolved: Failed to read artifact descriptor for org.apache.maven.plugins:maven-release-plugin:jar:2.0
2020-10-09 20:08:58,374 [Worker-1] WARN  o.e.m.c.i.embedder.EclipseLogger - Failure to transfer org.apache.maven.plugins/maven-metadata.xml from http://repo.maven.apache.org/maven2 was cached in the local repository, resolution will not be reattempted until the update interval of central has elapsed or updates are forced. Original error: Could not transfer metadata org.apache.maven.plugins/maven-metadata.xml from/to central (http://repo.maven.apache.org/maven2): Failed to transfer http://repo.maven.apache.org/maven2/org/apache/maven/plugins/maven-metadata.xml. Error code 501, HTTPS Required
2020-10-09 20:08:58,383 [Worker-1] WARN  o.e.m.c.i.embedder.EclipseLogger - Failure to transfer org.codehaus.mojo/maven-metadata.xml from http://repo.maven.apache.org/maven2 was cached in the local repository, resolution will not be reattempted until the update interval of central has elapsed or updates are forced. Original error: Could not transfer metadata org.codehaus.mojo/maven-metadata.xml from/to central (http://repo.maven.apache.org/maven2): Failed to transfer http://repo.maven.apache.org/maven2/org/codehaus/mojo/maven-metadata.xml. Error code 501, HTTPS Required
2020-10-09 20:08:58,387 [pool-9-thread-2] INFO  c.n.h.c.p.n.NettyAsyncHttpProvider - Number of application's worked threads is 16
2020-10-09 20:08:58,387 [pool-9-thread-1] INFO  c.n.h.c.p.n.NettyAsyncHttpProvider - Number of application's worked threads is 16
2020-10-09 20:08:58,939 [New I/O client worker #7-1] INFO  o.e.m.c.i.e.AbstractTransferListenerAdapter - Downloaded http://repo.maven.apache.org/maven2/org/apache/maven/plugins/maven-metadata.xml
2020-10-09 20:08:58,943 [New I/O client worker #6-1] INFO  o.e.m.c.i.e.AbstractTransferListenerAdapter - Downloaded http://repo.maven.apache.org/maven2/org/codehaus/mojo/maven-metadata.xml
2020-10-09 20:08:58,949 [Worker-1] WARN  o.e.m.c.i.embedder.EclipseLogger - Could not transfer metadata org.apache.maven.plugins/maven-metadata.xml from/to central (http://repo.maven.apache.org/maven2): Failed to transfer http://repo.maven.apache.org/maven2/org/apache/maven/plugins/maven-metadata.xml. Error code 501, HTTPS Required
2020-10-09 20:08:58,951 [Worker-1] WARN  o.e.m.c.i.embedder.EclipseLogger - Could not transfer metadata org.codehaus.mojo/maven-metadata.xml from/to central (http://repo.maven.apache.org/maven2): Failed to transfer http://repo.maven.apache.org/maven2/org/codehaus/mojo/maven-metadata.xml. Error code 501, HTTPS Required
2020-10-09 20:08:58,977 [Worker-1] WARN  o.e.m.c.i.embedder.EclipseLogger - Failed to retrieve plugin descriptor for org.apache.maven.plugins:maven-clean-plugin:2.4.1: Plugin org.apache.maven.plugins:maven-clean-plugin:2.4.1 or one of its dependencies could not be resolved: Failed to read artifact descriptor for org.apache.maven.plugins:maven-clean-plugin:jar:2.4.1
2020-10-09 20:08:58,980 [Worker-1] WARN  o.e.m.c.i.embedder.EclipseLogger - Failed to retrieve plugin descriptor for org.apache.maven.plugins:maven-install-plugin:2.3.1: Plugin org.apache.maven.plugins:maven-install-plugin:2.3.1 or one of its dependencies could not be resolved: Failed to read artifact descriptor for org.apache.maven.plugins:maven-install-plugin:jar:2.3.1
2020-10-09 20:08:58,983 [Worker-1] WARN  o.e.m.c.i.embedder.EclipseLogger - Failed to retrieve plugin descriptor for org.apache.maven.plugins:maven-deploy-plugin:2.7: Plugin org.apache.maven.plugins:maven-deploy-plugin:2.7 or one of its dependencies could not be resolved: Failed to read artifact descriptor for org.apache.maven.plugins:maven-deploy-plugin:jar:2.7
2020-10-09 20:08:58,986 [Worker-1] WARN  o.e.m.c.i.embedder.EclipseLogger - Failed to retrieve plugin descriptor for org.apache.maven.plugins:maven-site-plugin:3.0: Plugin org.apache.maven.plugins:maven-site-plugin:3.0 or one of its dependencies could not be resolved: Failed to read artifact descriptor for org.apache.maven.plugins:maven-site-plugin:jar:3.0
2020-10-09 20:08:58,990 [Worker-1] WARN  o.e.m.c.i.embedder.EclipseLogger - Failed to retrieve plugin descriptor for org.apache.maven.plugins:maven-antrun-plugin:1.3: Plugin org.apache.maven.plugins:maven-antrun-plugin:1.3 or one of its dependencies could not be resolved: Failed to read artifact descriptor for org.apache.maven.plugins:maven-antrun-plugin:jar:1.3
2020-10-09 20:08:58,993 [Worker-1] WARN  o.e.m.c.i.embedder.EclipseLogger - Failed to retrieve plugin descriptor for org.apache.maven.plugins:maven-assembly-plugin:2.2-beta-5: Plugin org.apache.maven.plugins:maven-assembly-plugin:2.2-beta-5 or one of its dependencies could not be resolved: Failed to read artifact descriptor for org.apache.maven.plugins:maven-assembly-plugin:jar:2.2-beta-5
2020-10-09 20:08:58,996 [Worker-1] WARN  o.e.m.c.i.embedder.EclipseLogger - Failed to retrieve plugin descriptor for org.apache.maven.plugins:maven-dependency-plugin:2.1: Plugin org.apache.maven.plugins:maven-dependency-plugin:2.1 or one of its dependencies could not be resolved: Failed to read artifact descriptor for org.apache.maven.plugins:maven-dependency-plugin:jar:2.1
2020-10-09 20:08:58,999 [Worker-1] WARN  o.e.m.c.i.embedder.EclipseLogger - Failed to retrieve plugin descriptor for org.apache.maven.plugins:maven-release-plugin:2.0: Plugin org.apache.maven.plugins:maven-release-plugin:2.0 or one of its dependencies could not be resolved: Failed to read artifact descriptor for org.apache.maven.plugins:maven-release-plugin:jar:2.0
2020-10-09 20:08:59,008 [Worker-1] WARN  o.e.m.c.i.embedder.EclipseLogger - Failure to transfer org.apache.maven.plugins/maven-metadata.xml from http://repo.maven.apache.org/maven2 was cached in the local repository, resolution will not be reattempted until the update interval of central has elapsed or updates are forced. Original error: Could not transfer metadata org.apache.maven.plugins/maven-metadata.xml from/to central (http://repo.maven.apache.org/maven2): Failed to transfer http://repo.maven.apache.org/maven2/org/apache/maven/plugins/maven-metadata.xml. Error code 501, HTTPS Required
2020-10-09 20:08:59,018 [Worker-1] WARN  o.e.m.c.i.embedder.EclipseLogger - Failure to transfer org.codehaus.mojo/maven-metadata.xml from http://repo.maven.apache.org/maven2 was cached in the local repository, resolution will not be reattempted until the update interval of central has elapsed or updates are forced. Original error: Could not transfer metadata org.codehaus.mojo/maven-metadata.xml from/to central (http://repo.maven.apache.org/maven2): Failed to transfer http://repo.maven.apache.org/maven2/org/codehaus/mojo/maven-metadata.xml. Error code 501, HTTPS Required
2020-10-09 20:08:59,022 [pool-12-thread-1] INFO  c.n.h.c.p.n.NettyAsyncHttpProvider - Number of application's worked threads is 16
2020-10-09 20:08:59,022 [pool-12-thread-2] INFO  c.n.h.c.p.n.NettyAsyncHttpProvider - Number of application's worked threads is 16
2020-10-09 20:08:59,581 [New I/O client worker #9-1] INFO  o.e.m.c.i.e.AbstractTransferListenerAdapter - Downloaded http://repo.maven.apache.org/maven2/org/codehaus/mojo/maven-metadata.xml
2020-10-09 20:08:59,581 [New I/O client worker #8-1] INFO  o.e.m.c.i.e.AbstractTransferListenerAdapter - Downloaded http://repo.maven.apache.org/maven2/org/apache/maven/plugins/maven-metadata.xml
2020-10-09 20:08:59,586 [Worker-1] WARN  o.e.m.c.i.embedder.EclipseLogger - Could not transfer metadata org.apache.maven.plugins/maven-metadata.xml from/to central (http://repo.maven.apache.org/maven2): Failed to transfer http://repo.maven.apache.org/maven2/org/apache/maven/plugins/maven-metadata.xml. Error code 501, HTTPS Required
2020-10-09 20:08:59,587 [Worker-1] WARN  o.e.m.c.i.embedder.EclipseLogger - Could not transfer metadata org.codehaus.mojo/maven-metadata.xml from/to central (http://repo.maven.apache.org/maven2): Failed to transfer http://repo.maven.apache.org/maven2/org/codehaus/mojo/maven-metadata.xml. Error code 501, HTTPS Required
2020-10-09 20:08:59,613 [Worker-1] WARN  o.e.m.c.i.embedder.EclipseLogger - Failed to retrieve plugin descriptor for org.apache.maven.plugins:maven-clean-plugin:2.4.1: Plugin org.apache.maven.plugins:maven-clean-plugin:2.4.1 or one of its dependencies could not be resolved: Failed to read artifact descriptor for org.apache.maven.plugins:maven-clean-plugin:jar:2.4.1
2020-10-09 20:08:59,617 [Worker-1] WARN  o.e.m.c.i.embedder.EclipseLogger - Failed to retrieve plugin descriptor for org.apache.maven.plugins:maven-install-plugin:2.3.1: Plugin org.apache.maven.plugins:maven-install-plugin:2.3.1 or one of its dependencies could not be resolved: Failed to read artifact descriptor for org.apache.maven.plugins:maven-install-plugin:jar:2.3.1
2020-10-09 20:08:59,620 [Worker-1] WARN  o.e.m.c.i.embedder.EclipseLogger - Failed to retrieve plugin descriptor for org.apache.maven.plugins:maven-deploy-plugin:2.7: Plugin org.apache.maven.plugins:maven-deploy-plugin:2.7 or one of its dependencies could not be resolved: Failed to read artifact descriptor for org.apache.maven.plugins:maven-deploy-plugin:jar:2.7
2020-10-09 20:08:59,622 [Worker-1] WARN  o.e.m.c.i.embedder.EclipseLogger - Failed to retrieve plugin descriptor for org.apache.maven.plugins:maven-site-plugin:3.0: Plugin org.apache.maven.plugins:maven-site-plugin:3.0 or one of its dependencies could not be resolved: Failed to read artifact descriptor for org.apache.maven.plugins:maven-site-plugin:jar:3.0
2020-10-09 20:08:59,625 [Worker-1] WARN  o.e.m.c.i.embedder.EclipseLogger - Failed to retrieve plugin descriptor for org.apache.maven.plugins:maven-antrun-plugin:1.3: Plugin org.apache.maven.plugins:maven-antrun-plugin:1.3 or one of its dependencies could not be resolved: Failed to read artifact descriptor for org.apache.maven.plugins:maven-antrun-plugin:jar:1.3
2020-10-09 20:08:59,628 [Worker-1] WARN  o.e.m.c.i.embedder.EclipseLogger - Failed to retrieve plugin descriptor for org.apache.maven.plugins:maven-assembly-plugin:2.2-beta-5: Plugin org.apache.maven.plugins:maven-assembly-plugin:2.2-beta-5 or one of its dependencies could not be resolved: Failed to read artifact descriptor for org.apache.maven.plugins:maven-assembly-plugin:jar:2.2-beta-5
2020-10-09 20:08:59,631 [Worker-1] WARN  o.e.m.c.i.embedder.EclipseLogger - Failed to retrieve plugin descriptor for org.apache.maven.plugins:maven-dependency-plugin:2.1: Plugin org.apache.maven.plugins:maven-dependency-plugin:2.1 or one of its dependencies could not be resolved: Failed to read artifact descriptor for org.apache.maven.plugins:maven-dependency-plugin:jar:2.1
2020-10-09 20:08:59,635 [Worker-1] WARN  o.e.m.c.i.embedder.EclipseLogger - Failed to retrieve plugin descriptor for org.apache.maven.plugins:maven-release-plugin:2.0: Plugin org.apache.maven.plugins:maven-release-plugin:2.0 or one of its dependencies could not be resolved: Failed to read artifact descriptor for org.apache.maven.plugins:maven-release-plugin:jar:2.0
2020-10-09 20:08:59,641 [Worker-1] WARN  o.e.m.c.i.embedder.EclipseLogger - Failure to transfer org.apache.maven.plugins/maven-metadata.xml from http://repo.maven.apache.org/maven2 was cached in the local repository, resolution will not be reattempted until the update interval of central has elapsed or updates are forced. Original error: Could not transfer metadata org.apache.maven.plugins/maven-metadata.xml from/to central (http://repo.maven.apache.org/maven2): Failed to transfer http://repo.maven.apache.org/maven2/org/apache/maven/plugins/maven-metadata.xml. Error code 501, HTTPS Required
2020-10-09 20:08:59,648 [Worker-1] WARN  o.e.m.c.i.embedder.EclipseLogger - Failure to transfer org.codehaus.mojo/maven-metadata.xml from http://repo.maven.apache.org/maven2 was cached in the local repository, resolution will not be reattempted until the update interval of central has elapsed or updates are forced. Original error: Could not transfer metadata org.codehaus.mojo/maven-metadata.xml from/to central (http://repo.maven.apache.org/maven2): Failed to transfer http://repo.maven.apache.org/maven2/org/codehaus/mojo/maven-metadata.xml. Error code 501, HTTPS Required
2020-10-09 20:08:59,651 [pool-15-thread-1] INFO  c.n.h.c.p.n.NettyAsyncHttpProvider - Number of application's worked threads is 16
2020-10-09 20:08:59,651 [pool-15-thread-2] INFO  c.n.h.c.p.n.NettyAsyncHttpProvider - Number of application's worked threads is 16
2020-10-09 20:09:00,180 [New I/O client worker #11-1] INFO  o.e.m.c.i.e.AbstractTransferListenerAdapter - Downloaded http://repo.maven.apache.org/maven2/org/codehaus/mojo/maven-metadata.xml
2020-10-09 20:09:00,181 [New I/O client worker #10-1] INFO  o.e.m.c.i.e.AbstractTransferListenerAdapter - Downloaded http://repo.maven.apache.org/maven2/org/apache/maven/plugins/maven-metadata.xml
2020-10-09 20:09:00,186 [Worker-1] WARN  o.e.m.c.i.embedder.EclipseLogger - Could not transfer metadata org.apache.maven.plugins/maven-metadata.xml from/to central (http://repo.maven.apache.org/maven2): Failed to transfer http://repo.maven.apache.org/maven2/org/apache/maven/plugins/maven-metadata.xml. Error code 501, HTTPS Required
2020-10-09 20:09:00,186 [Worker-1] WARN  o.e.m.c.i.embedder.EclipseLogger - Could not transfer metadata org.codehaus.mojo/maven-metadata.xml from/to central (http://repo.maven.apache.org/maven2): Failed to transfer http://repo.maven.apache.org/maven2/org/codehaus/mojo/maven-metadata.xml. Error code 501, HTTPS Required
2020-10-09 20:09:00,213 [Worker-1] WARN  o.e.m.c.i.embedder.EclipseLogger - Failed to retrieve plugin descriptor for org.apache.maven.plugins:maven-clean-plugin:2.4.1: Plugin org.apache.maven.plugins:maven-clean-plugin:2.4.1 or one of its dependencies could not be resolved: Failed to read artifact descriptor for org.apache.maven.plugins:maven-clean-plugin:jar:2.4.1
2020-10-09 20:09:00,216 [Worker-1] WARN  o.e.m.c.i.embedder.EclipseLogger - Failed to retrieve plugin descriptor for org.apache.maven.plugins:maven-install-plugin:2.3.1: Plugin org.apache.maven.plugins:maven-install-plugin:2.3.1 or one of its dependencies could not be resolved: Failed to read artifact descriptor for org.apache.maven.plugins:maven-install-plugin:jar:2.3.1
2020-10-09 20:09:00,219 [Worker-1] WARN  o.e.m.c.i.embedder.EclipseLogger - Failed to retrieve plugin descriptor for org.apache.maven.plugins:maven-deploy-plugin:2.7: Plugin org.apache.maven.plugins:maven-deploy-plugin:2.7 or one of its dependencies could not be resolved: Failed to read artifact descriptor for org.apache.maven.plugins:maven-deploy-plugin:jar:2.7
2020-10-09 20:09:00,222 [Worker-1] WARN  o.e.m.c.i.embedder.EclipseLogger - Failed to retrieve plugin descriptor for org.apache.maven.plugins:maven-site-plugin:3.0: Plugin org.apache.maven.plugins:maven-site-plugin:3.0 or one of its dependencies could not be resolved: Failed to read artifact descriptor for org.apache.maven.plugins:maven-site-plugin:jar:3.0
2020-10-09 20:09:00,226 [Worker-1] WARN  o.e.m.c.i.embedder.EclipseLogger - Failed to retrieve plugin descriptor for org.apache.maven.plugins:maven-antrun-plugin:1.3: Plugin org.apache.maven.plugins:maven-antrun-plugin:1.3 or one of its dependencies could not be resolved: Failed to read artifact descriptor for org.apache.maven.plugins:maven-antrun-plugin:jar:1.3
2020-10-09 20:09:00,229 [Worker-1] WARN  o.e.m.c.i.embedder.EclipseLogger - Failed to retrieve plugin descriptor for org.apache.maven.plugins:maven-assembly-plugin:2.2-beta-5: Plugin org.apache.maven.plugins:maven-assembly-plugin:2.2-beta-5 or one of its dependencies could not be resolved: Failed to read artifact descriptor for org.apache.maven.plugins:maven-assembly-plugin:jar:2.2-beta-5
2020-10-09 20:09:00,232 [Worker-1] WARN  o.e.m.c.i.embedder.EclipseLogger - Failed to retrieve plugin descriptor for org.apache.maven.plugins:maven-dependency-plugin:2.1: Plugin org.apache.maven.plugins:maven-dependency-plugin:2.1 or one of its dependencies could not be resolved: Failed to read artifact descriptor for org.apache.maven.plugins:maven-dependency-plugin:jar:2.1
2020-10-09 20:09:00,235 [Worker-1] WARN  o.e.m.c.i.embedder.EclipseLogger - Failed to retrieve plugin descriptor for org.apache.maven.plugins:maven-release-plugin:2.0: Plugin org.apache.maven.plugins:maven-release-plugin:2.0 or one of its dependencies could not be resolved: Failed to read artifact descriptor for org.apache.maven.plugins:maven-release-plugin:jar:2.0
2020-10-09 20:09:00,243 [Worker-1] WARN  o.e.m.c.i.embedder.EclipseLogger - Failure to transfer org.apache.maven.plugins/maven-metadata.xml from http://repo.maven.apache.org/maven2 was cached in the local repository, resolution will not be reattempted until the update interval of central has elapsed or updates are forced. Original error: Could not transfer metadata org.apache.maven.plugins/maven-metadata.xml from/to central (http://repo.maven.apache.org/maven2): Failed to transfer http://repo.maven.apache.org/maven2/org/apache/maven/plugins/maven-metadata.xml. Error code 501, HTTPS Required
2020-10-09 20:09:00,250 [Worker-1] WARN  o.e.m.c.i.embedder.EclipseLogger - Failure to transfer org.codehaus.mojo/maven-metadata.xml from http://repo.maven.apache.org/maven2 was cached in the local repository, resolution will not be reattempted until the update interval of central has elapsed or updates are forced. Original error: Could not transfer metadata org.codehaus.mojo/maven-metadata.xml from/to central (http://repo.maven.apache.org/maven2): Failed to transfer http://repo.maven.apache.org/maven2/org/codehaus/mojo/maven-metadata.xml. Error code 501, HTTPS Required
2020-10-09 20:09:00,253 [pool-18-thread-1] INFO  c.n.h.c.p.n.NettyAsyncHttpProvider - Number of application's worked threads is 16
2020-10-09 20:09:00,253 [pool-18-thread-2] INFO  c.n.h.c.p.n.NettyAsyncHttpProvider - Number of application's worked threads is 16
2020-10-09 20:09:00,875 [New I/O client worker #12-1] INFO  o.e.m.c.i.e.AbstractTransferListenerAdapter - Downloaded http://repo.maven.apache.org/maven2/org/apache/maven/plugins/maven-metadata.xml
2020-10-09 20:09:00,876 [New I/O client worker #13-1] INFO  o.e.m.c.i.e.AbstractTransferListenerAdapter - Downloaded http://repo.maven.apache.org/maven2/org/codehaus/mojo/maven-metadata.xml
2020-10-09 20:09:00,880 [Worker-1] WARN  o.e.m.c.i.embedder.EclipseLogger - Could not transfer metadata org.apache.maven.plugins/maven-metadata.xml from/to central (http://repo.maven.apache.org/maven2): Failed to transfer http://repo.maven.apache.org/maven2/org/apache/maven/plugins/maven-metadata.xml. Error code 501, HTTPS Required
2020-10-09 20:09:00,882 [Worker-1] WARN  o.e.m.c.i.embedder.EclipseLogger - Could not transfer metadata org.codehaus.mojo/maven-metadata.xml from/to central (http://repo.maven.apache.org/maven2): Failed to transfer http://repo.maven.apache.org/maven2/org/codehaus/mojo/maven-metadata.xml. Error code 501, HTTPS Required
2020-10-09 20:09:00,906 [Worker-1] WARN  o.e.m.c.i.embedder.EclipseLogger - Failed to retrieve plugin descriptor for org.apache.maven.plugins:maven-clean-plugin:2.4.1: Plugin org.apache.maven.plugins:maven-clean-plugin:2.4.1 or one of its dependencies could not be resolved: Failed to read artifact descriptor for org.apache.maven.plugins:maven-clean-plugin:jar:2.4.1
2020-10-09 20:09:00,908 [Worker-1] WARN  o.e.m.c.i.embedder.EclipseLogger - Failed to retrieve plugin descriptor for org.apache.maven.plugins:maven-install-plugin:2.3.1: Plugin org.apache.maven.plugins:maven-install-plugin:2.3.1 or one of its dependencies could not be resolved: Failed to read artifact descriptor for org.apache.maven.plugins:maven-install-plugin:jar:2.3.1
2020-10-09 20:09:00,911 [Worker-1] WARN  o.e.m.c.i.embedder.EclipseLogger - Failed to retrieve plugin descriptor for org.apache.maven.plugins:maven-deploy-plugin:2.7: Plugin org.apache.maven.plugins:maven-deploy-plugin:2.7 or one of its dependencies could not be resolved: Failed to read artifact descriptor for org.apache.maven.plugins:maven-deploy-plugin:jar:2.7
2020-10-09 20:09:00,915 [Worker-1] WARN  o.e.m.c.i.embedder.EclipseLogger - Failed to retrieve plugin descriptor for org.apache.maven.plugins:maven-site-plugin:3.0: Plugin org.apache.maven.plugins:maven-site-plugin:3.0 or one of its dependencies could not be resolved: Failed to read artifact descriptor for org.apache.maven.plugins:maven-site-plugin:jar:3.0
2020-10-09 20:09:00,919 [Worker-1] WARN  o.e.m.c.i.embedder.EclipseLogger - Failed to retrieve plugin descriptor for org.apache.maven.plugins:maven-antrun-plugin:1.3: Plugin org.apache.maven.plugins:maven-antrun-plugin:1.3 or one of its dependencies could not be resolved: Failed to read artifact descriptor for org.apache.maven.plugins:maven-antrun-plugin:jar:1.3
2020-10-09 20:09:00,921 [Worker-1] WARN  o.e.m.c.i.embedder.EclipseLogger - Failed to retrieve plugin descriptor for org.apache.maven.plugins:maven-assembly-plugin:2.2-beta-5: Plugin org.apache.maven.plugins:maven-assembly-plugin:2.2-beta-5 or one of its dependencies could not be resolved: Failed to read artifact descriptor for org.apache.maven.plugins:maven-assembly-plugin:jar:2.2-beta-5
2020-10-09 20:09:00,924 [Worker-1] WARN  o.e.m.c.i.embedder.EclipseLogger - Failed to retrieve plugin descriptor for org.apache.maven.plugins:maven-dependency-plugin:2.1: Plugin org.apache.maven.plugins:maven-dependency-plugin:2.1 or one of its dependencies could not be resolved: Failed to read artifact descriptor for org.apache.maven.plugins:maven-dependency-plugin:jar:2.1
2020-10-09 20:09:00,927 [Worker-1] WARN  o.e.m.c.i.embedder.EclipseLogger - Failed to retrieve plugin descriptor for org.apache.maven.plugins:maven-release-plugin:2.0: Plugin org.apache.maven.plugins:maven-release-plugin:2.0 or one of its dependencies could not be resolved: Failed to read artifact descriptor for org.apache.maven.plugins:maven-release-plugin:jar:2.0
2020-10-09 20:09:00,934 [Worker-1] WARN  o.e.m.c.i.embedder.EclipseLogger - Failure to transfer org.apache.maven.plugins/maven-metadata.xml from http://repo.maven.apache.org/maven2 was cached in the local repository, resolution will not be reattempted until the update interval of central has elapsed or updates are forced. Original error: Could not transfer metadata org.apache.maven.plugins/maven-metadata.xml from/to central (http://repo.maven.apache.org/maven2): Failed to transfer http://repo.maven.apache.org/maven2/org/apache/maven/plugins/maven-metadata.xml. Error code 501, HTTPS Required
2020-10-09 20:09:00,941 [Worker-1] WARN  o.e.m.c.i.embedder.EclipseLogger - Failure to transfer org.codehaus.mojo/maven-metadata.xml from http://repo.maven.apache.org/maven2 was cached in the local repository, resolution will not be reattempted until the update interval of central has elapsed or updates are forced. Original error: Could not transfer metadata org.codehaus.mojo/maven-metadata.xml from/to central (http://repo.maven.apache.org/maven2): Failed to transfer http://repo.maven.apache.org/maven2/org/codehaus/mojo/maven-metadata.xml. Error code 501, HTTPS Required
2020-10-09 20:09:00,944 [pool-21-thread-1] INFO  c.n.h.c.p.n.NettyAsyncHttpProvider - Number of application's worked threads is 16
2020-10-09 20:09:00,944 [pool-21-thread-2] INFO  c.n.h.c.p.n.NettyAsyncHttpProvider - Number of application's worked threads is 16
2020-10-09 20:09:01,502 [New I/O client worker #15-1] INFO  o.e.m.c.i.e.AbstractTransferListenerAdapter - Downloaded http://repo.maven.apache.org/maven2/org/codehaus/mojo/maven-metadata.xml
2020-10-09 20:09:01,502 [New I/O client worker #14-1] INFO  o.e.m.c.i.e.AbstractTransferListenerAdapter - Downloaded http://repo.maven.apache.org/maven2/org/apache/maven/plugins/maven-metadata.xml
2020-10-09 20:09:01,507 [Worker-1] WARN  o.e.m.c.i.embedder.EclipseLogger - Could not transfer metadata org.apache.maven.plugins/maven-metadata.xml from/to central (http://repo.maven.apache.org/maven2): Failed to transfer http://repo.maven.apache.org/maven2/org/apache/maven/plugins/maven-metadata.xml. Error code 501, HTTPS Required
2020-10-09 20:09:01,508 [Worker-1] WARN  o.e.m.c.i.embedder.EclipseLogger - Could not transfer metadata org.codehaus.mojo/maven-metadata.xml from/to central (http://repo.maven.apache.org/maven2): Failed to transfer http://repo.maven.apache.org/maven2/org/codehaus/mojo/maven-metadata.xml. Error code 501, HTTPS Required
2020-10-09 20:09:01,543 [Worker-1] WARN  o.e.m.c.i.embedder.EclipseLogger - Failed to retrieve plugin descriptor for org.apache.maven.plugins:maven-clean-plugin:2.4.1: Plugin org.apache.maven.plugins:maven-clean-plugin:2.4.1 or one of its dependencies could not be resolved: Failed to read artifact descriptor for org.apache.maven.plugins:maven-clean-plugin:jar:2.4.1
2020-10-09 20:09:01,547 [Worker-1] WARN  o.e.m.c.i.embedder.EclipseLogger - Failed to retrieve plugin descriptor for org.apache.maven.plugins:maven-install-plugin:2.3.1: Plugin org.apache.maven.plugins:maven-install-plugin:2.3.1 or one of its dependencies could not be resolved: Failed to read artifact descriptor for org.apache.maven.plugins:maven-install-plugin:jar:2.3.1
2020-10-09 20:09:01,553 [Worker-1] WARN  o.e.m.c.i.embedder.EclipseLogger - Failed to retrieve plugin descriptor for org.apache.maven.plugins:maven-deploy-plugin:2.7: Plugin org.apache.maven.plugins:maven-deploy-plugin:2.7 or one of its dependencies could not be resolved: Failed to read artifact descriptor for org.apache.maven.plugins:maven-deploy-plugin:jar:2.7
2020-10-09 20:09:01,556 [Worker-1] WARN  o.e.m.c.i.embedder.EclipseLogger - Failed to retrieve plugin descriptor for org.apache.maven.plugins:maven-site-plugin:3.0: Plugin org.apache.maven.plugins:maven-site-plugin:3.0 or one of its dependencies could not be resolved: Failed to read artifact descriptor for org.apache.maven.plugins:maven-site-plugin:jar:3.0
2020-10-09 20:09:01,559 [Worker-1] WARN  o.e.m.c.i.embedder.EclipseLogger - Failed to retrieve plugin descriptor for org.apache.maven.plugins:maven-antrun-plugin:1.3: Plugin org.apache.maven.plugins:maven-antrun-plugin:1.3 or one of its dependencies could not be resolved: Failed to read artifact descriptor for org.apache.maven.plugins:maven-antrun-plugin:jar:1.3
2020-10-09 20:09:01,564 [Worker-1] WARN  o.e.m.c.i.embedder.EclipseLogger - Failed to retrieve plugin descriptor for org.apache.maven.plugins:maven-assembly-plugin:2.2-beta-5: Plugin org.apache.maven.plugins:maven-assembly-plugin:2.2-beta-5 or one of its dependencies could not be resolved: Failed to read artifact descriptor for org.apache.maven.plugins:maven-assembly-plugin:jar:2.2-beta-5
2020-10-09 20:09:01,571 [Worker-1] WARN  o.e.m.c.i.embedder.EclipseLogger - Failed to retrieve plugin descriptor for org.apache.maven.plugins:maven-dependency-plugin:2.1: Plugin org.apache.maven.plugins:maven-dependency-plugin:2.1 or one of its dependencies could not be resolved: Failed to read artifact descriptor for org.apache.maven.plugins:maven-dependency-plugin:jar:2.1
2020-10-09 20:09:01,576 [Worker-1] WARN  o.e.m.c.i.embedder.EclipseLogger - Failed to retrieve plugin descriptor for org.apache.maven.plugins:maven-release-plugin:2.0: Plugin org.apache.maven.plugins:maven-release-plugin:2.0 or one of its dependencies could not be resolved: Failed to read artifact descriptor for org.apache.maven.plugins:maven-release-plugin:jar:2.0
2020-10-09 20:09:01,583 [Worker-1] WARN  o.e.m.c.i.embedder.EclipseLogger - Failure to transfer org.apache.maven.plugins/maven-metadata.xml from http://repo.maven.apache.org/maven2 was cached in the local repository, resolution will not be reattempted until the update interval of central has elapsed or updates are forced. Original error: Could not transfer metadata org.apache.maven.plugins/maven-metadata.xml from/to central (http://repo.maven.apache.org/maven2): Failed to transfer http://repo.maven.apache.org/maven2/org/apache/maven/plugins/maven-metadata.xml. Error code 501, HTTPS Required
2020-10-09 20:09:01,590 [Worker-1] WARN  o.e.m.c.i.embedder.EclipseLogger - Failure to transfer org.codehaus.mojo/maven-metadata.xml from http://repo.maven.apache.org/maven2 was cached in the local repository, resolution will not be reattempted until the update interval of central has elapsed or updates are forced. Original error: Could not transfer metadata org.codehaus.mojo/maven-metadata.xml from/to central (http://repo.maven.apache.org/maven2): Failed to transfer http://repo.maven.apache.org/maven2/org/codehaus/mojo/maven-metadata.xml. Error code 501, HTTPS Required
2020-10-09 20:09:01,594 [pool-24-thread-1] INFO  c.n.h.c.p.n.NettyAsyncHttpProvider - Number of application's worked threads is 16
2020-10-09 20:09:01,594 [pool-24-thread-2] INFO  c.n.h.c.p.n.NettyAsyncHttpProvider - Number of application's worked threads is 16
2020-10-09 20:09:02,139 [New I/O client worker #16-1] INFO  o.e.m.c.i.e.AbstractTransferListenerAdapter - Downloaded http://repo.maven.apache.org/maven2/org/apache/maven/plugins/maven-metadata.xml
2020-10-09 20:09:02,139 [New I/O client worker #17-1] INFO  o.e.m.c.i.e.AbstractTransferListenerAdapter - Downloaded http://repo.maven.apache.org/maven2/org/codehaus/mojo/maven-metadata.xml
2020-10-09 20:09:02,144 [Worker-1] WARN  o.e.m.c.i.embedder.EclipseLogger - Could not transfer metadata org.apache.maven.plugins/maven-metadata.xml from/to central (http://repo.maven.apache.org/maven2): Failed to transfer http://repo.maven.apache.org/maven2/org/apache/maven/plugins/maven-metadata.xml. Error code 501, HTTPS Required
2020-10-09 20:09:02,145 [Worker-1] WARN  o.e.m.c.i.embedder.EclipseLogger - Could not transfer metadata org.codehaus.mojo/maven-metadata.xml from/to central (http://repo.maven.apache.org/maven2): Failed to transfer http://repo.maven.apache.org/maven2/org/codehaus/mojo/maven-metadata.xml. Error code 501, HTTPS Required
2020-10-09 20:09:02,174 [Worker-1] WARN  o.e.m.c.i.embedder.EclipseLogger - Failed to retrieve plugin descriptor for org.apache.maven.plugins:maven-clean-plugin:2.4.1: Plugin org.apache.maven.plugins:maven-clean-plugin:2.4.1 or one of its dependencies could not be resolved: Failed to read artifact descriptor for org.apache.maven.plugins:maven-clean-plugin:jar:2.4.1
2020-10-09 20:09:02,178 [Worker-1] WARN  o.e.m.c.i.embedder.EclipseLogger - Failed to retrieve plugin descriptor for org.apache.maven.plugins:maven-install-plugin:2.3.1: Plugin org.apache.maven.plugins:maven-install-plugin:2.3.1 or one of its dependencies could not be resolved: Failed to read artifact descriptor for org.apache.maven.plugins:maven-install-plugin:jar:2.3.1
2020-10-09 20:09:02,182 [Worker-1] WARN  o.e.m.c.i.embedder.EclipseLogger - Failed to retrieve plugin descriptor for org.apache.maven.plugins:maven-deploy-plugin:2.7: Plugin org.apache.maven.plugins:maven-deploy-plugin:2.7 or one of its dependencies could not be resolved: Failed to read artifact descriptor for org.apache.maven.plugins:maven-deploy-plugin:jar:2.7
2020-10-09 20:09:02,185 [Worker-1] WARN  o.e.m.c.i.embedder.EclipseLogger - Failed to retrieve plugin descriptor for org.apache.maven.plugins:maven-site-plugin:3.0: Plugin org.apache.maven.plugins:maven-site-plugin:3.0 or one of its dependencies could not be resolved: Failed to read artifact descriptor for org.apache.maven.plugins:maven-site-plugin:jar:3.0
2020-10-09 20:09:02,188 [Worker-1] WARN  o.e.m.c.i.embedder.EclipseLogger - Failed to retrieve plugin descriptor for org.apache.maven.plugins:maven-antrun-plugin:1.3: Plugin org.apache.maven.plugins:maven-antrun-plugin:1.3 or one of its dependencies could not be resolved: Failed to read artifact descriptor for org.apache.maven.plugins:maven-antrun-plugin:jar:1.3
2020-10-09 20:09:02,192 [Worker-1] WARN  o.e.m.c.i.embedder.EclipseLogger - Failed to retrieve plugin descriptor for org.apache.maven.plugins:maven-assembly-plugin:2.2-beta-5: Plugin org.apache.maven.plugins:maven-assembly-plugin:2.2-beta-5 or one of its dependencies could not be resolved: Failed to read artifact descriptor for org.apache.maven.plugins:maven-assembly-plugin:jar:2.2-beta-5
2020-10-09 20:09:02,196 [Worker-1] WARN  o.e.m.c.i.embedder.EclipseLogger - Failed to retrieve plugin descriptor for org.apache.maven.plugins:maven-dependency-plugin:2.1: Plugin org.apache.maven.plugins:maven-dependency-plugin:2.1 or one of its dependencies could not be resolved: Failed to read artifact descriptor for org.apache.maven.plugins:maven-dependency-plugin:jar:2.1
2020-10-09 20:09:02,200 [Worker-1] WARN  o.e.m.c.i.embedder.EclipseLogger - Failed to retrieve plugin descriptor for org.apache.maven.plugins:maven-release-plugin:2.0: Plugin org.apache.maven.plugins:maven-release-plugin:2.0 or one of its dependencies could not be resolved: Failed to read artifact descriptor for org.apache.maven.plugins:maven-release-plugin:jar:2.0
2020-10-09 20:09:02,207 [Worker-1] WARN  o.e.m.c.i.embedder.EclipseLogger - Failure to transfer org.apache.maven.plugins/maven-metadata.xml from http://repo.maven.apache.org/maven2 was cached in the local repository, resolution will not be reattempted until the update interval of central has elapsed or updates are forced. Original error: Could not transfer metadata org.apache.maven.plugins/maven-metadata.xml from/to central (http://repo.maven.apache.org/maven2): Failed to transfer http://repo.maven.apache.org/maven2/org/apache/maven/plugins/maven-metadata.xml. Error code 501, HTTPS Required
2020-10-09 20:09:02,214 [Worker-1] WARN  o.e.m.c.i.embedder.EclipseLogger - Failure to transfer org.codehaus.mojo/maven-metadata.xml from http://repo.maven.apache.org/maven2 was cached in the local repository, resolution will not be reattempted until the update interval of central has elapsed or updates are forced. Original error: Could not transfer metadata org.codehaus.mojo/maven-metadata.xml from/to central (http://repo.maven.apache.org/maven2): Failed to transfer http://repo.maven.apache.org/maven2/org/codehaus/mojo/maven-metadata.xml. Error code 501, HTTPS Required
2020-10-09 20:09:02,217 [pool-27-thread-1] INFO  c.n.h.c.p.n.NettyAsyncHttpProvider - Number of application's worked threads is 16
2020-10-09 20:09:02,217 [pool-27-thread-2] INFO  c.n.h.c.p.n.NettyAsyncHttpProvider - Number of application's worked threads is 16
2020-10-09 20:09:02,781 [New I/O client worker #18-1] INFO  o.e.m.c.i.e.AbstractTransferListenerAdapter - Downloaded http://repo.maven.apache.org/maven2/org/apache/maven/plugins/maven-metadata.xml
2020-10-09 20:09:02,781 [New I/O client worker #19-1] INFO  o.e.m.c.i.e.AbstractTransferListenerAdapter - Downloaded http://repo.maven.apache.org/maven2/org/codehaus/mojo/maven-metadata.xml
2020-10-09 20:09:02,785 [Worker-1] WARN  o.e.m.c.i.embedder.EclipseLogger - Could not transfer metadata org.apache.maven.plugins/maven-metadata.xml from/to central (http://repo.maven.apache.org/maven2): Failed to transfer http://repo.maven.apache.org/maven2/org/apache/maven/plugins/maven-metadata.xml. Error code 501, HTTPS Required
2020-10-09 20:09:02,787 [Worker-1] WARN  o.e.m.c.i.embedder.EclipseLogger - Could not transfer metadata org.codehaus.mojo/maven-metadata.xml from/to central (http://repo.maven.apache.org/maven2): Failed to transfer http://repo.maven.apache.org/maven2/org/codehaus/mojo/maven-metadata.xml. Error code 501, HTTPS Required
2020-10-09 20:09:02,816 [Worker-1] WARN  o.e.m.c.i.embedder.EclipseLogger - Failed to retrieve plugin descriptor for org.apache.maven.plugins:maven-clean-plugin:2.4.1: Plugin org.apache.maven.plugins:maven-clean-plugin:2.4.1 or one of its dependencies could not be resolved: Failed to read artifact descriptor for org.apache.maven.plugins:maven-clean-plugin:jar:2.4.1
2020-10-09 20:09:02,819 [Worker-1] WARN  o.e.m.c.i.embedder.EclipseLogger - Failed to retrieve plugin descriptor for org.apache.maven.plugins:maven-install-plugin:2.3.1: Plugin org.apache.maven.plugins:maven-install-plugin:2.3.1 or one of its dependencies could not be resolved: Failed to read artifact descriptor for org.apache.maven.plugins:maven-install-plugin:jar:2.3.1
2020-10-09 20:09:02,822 [Worker-1] WARN  o.e.m.c.i.embedder.EclipseLogger - Failed to retrieve plugin descriptor for org.apache.maven.plugins:maven-deploy-plugin:2.7: Plugin org.apache.maven.plugins:maven-deploy-plugin:2.7 or one of its dependencies could not be resolved: Failed to read artifact descriptor for org.apache.maven.plugins:maven-deploy-plugin:jar:2.7
2020-10-09 20:09:02,826 [Worker-1] WARN  o.e.m.c.i.embedder.EclipseLogger - Failed to retrieve plugin descriptor for org.apache.maven.plugins:maven-site-plugin:3.0: Plugin org.apache.maven.plugins:maven-site-plugin:3.0 or one of its dependencies could not be resolved: Failed to read artifact descriptor for org.apache.maven.plugins:maven-site-plugin:jar:3.0
2020-10-09 20:09:02,829 [Worker-1] WARN  o.e.m.c.i.embedder.EclipseLogger - Failed to retrieve plugin descriptor for org.apache.maven.plugins:maven-antrun-plugin:1.3: Plugin org.apache.maven.plugins:maven-antrun-plugin:1.3 or one of its dependencies could not be resolved: Failed to read artifact descriptor for org.apache.maven.plugins:maven-antrun-plugin:jar:1.3
2020-10-09 20:09:02,832 [Worker-1] WARN  o.e.m.c.i.embedder.EclipseLogger - Failed to retrieve plugin descriptor for org.apache.maven.plugins:maven-assembly-plugin:2.2-beta-5: Plugin org.apache.maven.plugins:maven-assembly-plugin:2.2-beta-5 or one of its dependencies could not be resolved: Failed to read artifact descriptor for org.apache.maven.plugins:maven-assembly-plugin:jar:2.2-beta-5
2020-10-09 20:09:02,837 [Worker-1] WARN  o.e.m.c.i.embedder.EclipseLogger - Failed to retrieve plugin descriptor for org.apache.maven.plugins:maven-dependency-plugin:2.1: Plugin org.apache.maven.plugins:maven-dependency-plugin:2.1 or one of its dependencies could not be resolved: Failed to read artifact descriptor for org.apache.maven.plugins:maven-dependency-plugin:jar:2.1
2020-10-09 20:09:02,841 [Worker-1] WARN  o.e.m.c.i.embedder.EclipseLogger - Failed to retrieve plugin descriptor for org.apache.maven.plugins:maven-release-plugin:2.0: Plugin org.apache.maven.plugins:maven-release-plugin:2.0 or one of its dependencies could not be resolved: Failed to read artifact descriptor for org.apache.maven.plugins:maven-release-plugin:jar:2.0
2020-10-09 20:09:02,848 [Worker-1] WARN  o.e.m.c.i.embedder.EclipseLogger - Failure to transfer org.apache.maven.plugins/maven-metadata.xml from http://repo.maven.apache.org/maven2 was cached in the local repository, resolution will not be reattempted until the update interval of central has elapsed or updates are forced. Original error: Could not transfer metadata org.apache.maven.plugins/maven-metadata.xml from/to central (http://repo.maven.apache.org/maven2): Failed to transfer http://repo.maven.apache.org/maven2/org/apache/maven/plugins/maven-metadata.xml. Error code 501, HTTPS Required
2020-10-09 20:09:02,856 [Worker-1] WARN  o.e.m.c.i.embedder.EclipseLogger - Failure to transfer org.codehaus.mojo/maven-metadata.xml from http://repo.maven.apache.org/maven2 was cached in the local repository, resolution will not be reattempted until the update interval of central has elapsed or updates are forced. Original error: Could not transfer metadata org.codehaus.mojo/maven-metadata.xml from/to central (http://repo.maven.apache.org/maven2): Failed to transfer http://repo.maven.apache.org/maven2/org/codehaus/mojo/maven-metadata.xml. Error code 501, HTTPS Required
2020-10-09 20:09:02,860 [pool-30-thread-2] INFO  c.n.h.c.p.n.NettyAsyncHttpProvider - Number of application's worked threads is 16
2020-10-09 20:09:02,860 [pool-30-thread-1] INFO  c.n.h.c.p.n.NettyAsyncHttpProvider - Number of application's worked threads is 16
2020-10-09 20:09:03,412 [New I/O client worker #20-1] INFO  o.e.m.c.i.e.AbstractTransferListenerAdapter - Downloaded http://repo.maven.apache.org/maven2/org/codehaus/mojo/maven-metadata.xml
2020-10-09 20:09:03,412 [New I/O client worker #21-1] INFO  o.e.m.c.i.e.AbstractTransferListenerAdapter - Downloaded http://repo.maven.apache.org/maven2/org/apache/maven/plugins/maven-metadata.xml
2020-10-09 20:09:03,418 [Worker-1] WARN  o.e.m.c.i.embedder.EclipseLogger - Could not transfer metadata org.apache.maven.plugins/maven-metadata.xml from/to central (http://repo.maven.apache.org/maven2): Failed to transfer http://repo.maven.apache.org/maven2/org/apache/maven/plugins/maven-metadata.xml. Error code 501, HTTPS Required
2020-10-09 20:09:03,419 [Worker-1] WARN  o.e.m.c.i.embedder.EclipseLogger - Could not transfer metadata org.codehaus.mojo/maven-metadata.xml from/to central (http://repo.maven.apache.org/maven2): Failed to transfer http://repo.maven.apache.org/maven2/org/codehaus/mojo/maven-metadata.xml. Error code 501, HTTPS Required
